<?xml version="1.0" encoding="UTF-8"?>
<testng-results ignored="0" total="1" passed="1" failed="0" skipped="0">
  <reporter-output>
  </reporter-output>
  <suite started-at="2022-04-23T18:47:31 GMT-07:00" name="Default suite" finished-at="2022-04-23T18:48:24 GMT-07:00" duration-ms="53444">
    <groups>
    </groups>
    <test started-at="2022-04-23T18:47:31 GMT-07:00" name="Default test" finished-at="2022-04-23T18:48:24 GMT-07:00" duration-ms="53444">
      <class name="Keyword_driven_Framework.Application">
        <test-method signature="verifyInvalidLogin()[pri:0, instance:Keyword_driven_Framework.Application@6da21078]" started-at="2022-04-23T18:47:31 GMT-07:00" name="verifyInvalidLogin" finished-at="2022-04-23T18:48:24 GMT-07:00" duration-ms="53368" status="PASS">
          <reporter-output>
          </reporter-output>
        </test-method> <!-- verifyInvalidLogin -->
      </class> <!-- Keyword_driven_Framework.Application -->
    </test> <!-- Default test -->
  </suite> <!-- Default suite -->
</testng-results>
