<?xml version="1.0" encoding="UTF-8"?>
<testng-results ignored="0" total="2" passed="2" failed="0" skipped="0">
  <reporter-output>
  </reporter-output>
  <suite started-at="2022-06-25T22:01:21 GMT-07:00" name="Default suite" finished-at="2022-06-25T22:01:22 GMT-07:00" duration-ms="1344">
    <groups>
    </groups>
    <test started-at="2022-06-25T22:01:21 GMT-07:00" name="Default test" finished-at="2022-06-25T22:01:22 GMT-07:00" duration-ms="1344">
      <class name="pack.excel_with_dataprovider">
        <test-method signature="test1(java.lang.String,java.lang.String)[pri:0, instance:pack.excel_with_dataprovider@51e69659]" started-at="2022-06-25T22:01:22 GMT-07:00" name="test1" data-provider="test1data" finished-at="2022-06-25T22:01:22 GMT-07:00" duration-ms="14" status="PASS">
          <params>
            <param index="0">
              <value>
                <![CDATA[admin]]>
              </value>
            </param>
            <param index="1">
              <value>
                <![CDATA[123]]>
              </value>
            </param>
          </params>
          <reporter-output>
          </reporter-output>
        </test-method> <!-- test1 -->
        <test-method signature="test1(java.lang.String,java.lang.String)[pri:0, instance:pack.excel_with_dataprovider@51e69659]" started-at="2022-06-25T22:01:22 GMT-07:00" name="test1" data-provider="test1data" finished-at="2022-06-25T22:01:22 GMT-07:00" duration-ms="4" status="PASS">
          <params>
            <param index="0">
              <value>
                <![CDATA[ ]]>
              </value>
            </param>
            <param index="1">
              <value>
                <![CDATA[]]>
              </value>
            </param>
          </params>
          <reporter-output>
          </reporter-output>
        </test-method> <!-- test1 -->
      </class> <!-- pack.excel_with_dataprovider -->
    </test> <!-- Default test -->
  </suite> <!-- Default suite -->
</testng-results>
