<?xml version="1.0" encoding="UTF-8"?>
<testng-results ignored="0" total="3" passed="3" failed="0" skipped="0">
  <reporter-output>
  </reporter-output>
  <suite started-at="2022-10-09T22:23:46 PDT" name="Suite" finished-at="2022-10-09T22:24:09 PDT" duration-ms="22761">
    <groups>
    </groups>
    <test started-at="2022-10-09T22:23:46 PDT" name="Test" finished-at="2022-10-09T22:24:09 PDT" duration-ms="22761">
      <class name="com.webappsecurity.zero.testscripts.VerifyValidLoginTest">
        <test-method is-config="true" signature="openapplication()[pri:0, instance:com.webappsecurity.zero.testscripts.VerifyValidLoginTest@1da2cb77]" started-at="2022-10-09T22:23:46 PDT" name="openapplication" finished-at="2022-10-09T22:23:54 PDT" duration-ms="7707" status="PASS">
          <reporter-output>
          </reporter-output>
        </test-method> <!-- openapplication -->
        <test-method signature="verifyValidLogin()[pri:0, instance:com.webappsecurity.zero.testscripts.VerifyValidLoginTest@1da2cb77]" started-at="2022-10-09T22:23:54 PDT" name="verifyValidLogin" finished-at="2022-10-09T22:23:57 PDT" duration-ms="3196" status="PASS">
          <reporter-output>
          </reporter-output>
        </test-method> <!-- verifyValidLogin -->
        <test-method is-config="true" signature="closeapplication()[pri:0, instance:com.webappsecurity.zero.testscripts.VerifyValidLoginTest@1da2cb77]" started-at="2022-10-09T22:23:57 PDT" name="closeapplication" finished-at="2022-10-09T22:23:57 PDT" duration-ms="132" status="PASS">
          <reporter-output>
          </reporter-output>
        </test-method> <!-- closeapplication -->
      </class> <!-- com.webappsecurity.zero.testscripts.VerifyValidLoginTest -->
      <class name="com.webappsecurity.zero.testscripts.VerifyFundTransferTest">
        <test-method is-config="true" signature="openapplication()[pri:0, instance:com.webappsecurity.zero.testscripts.VerifyFundTransferTest@66d3eec0]" started-at="2022-10-09T22:24:01 PDT" name="openapplication" finished-at="2022-10-09T22:24:04 PDT" duration-ms="2809" status="PASS">
          <reporter-output>
          </reporter-output>
        </test-method> <!-- openapplication -->
        <test-method signature="doFundTransfer()[pri:0, instance:com.webappsecurity.zero.testscripts.VerifyFundTransferTest@66d3eec0]" started-at="2022-10-09T22:24:04 PDT" name="doFundTransfer" finished-at="2022-10-09T22:24:09 PDT" duration-ms="4541" status="PASS">
          <reporter-output>
          </reporter-output>
        </test-method> <!-- doFundTransfer -->
        <test-method is-config="true" signature="closeapplication()[pri:0, instance:com.webappsecurity.zero.testscripts.VerifyFundTransferTest@66d3eec0]" started-at="2022-10-09T22:24:09 PDT" name="closeapplication" finished-at="2022-10-09T22:24:09 PDT" duration-ms="123" status="PASS">
          <reporter-output>
          </reporter-output>
        </test-method> <!-- closeapplication -->
      </class> <!-- com.webappsecurity.zero.testscripts.VerifyFundTransferTest -->
      <class name="com.webappsecurity.zero.testscripts.VerifyInvalidLoginTest">
        <test-method is-config="true" signature="openapplication()[pri:0, instance:com.webappsecurity.zero.testscripts.VerifyInvalidLoginTest@4738a206]" started-at="2022-10-09T22:23:57 PDT" name="openapplication" finished-at="2022-10-09T22:24:00 PDT" duration-ms="3072" status="PASS">
          <reporter-output>
          </reporter-output>
        </test-method> <!-- openapplication -->
        <test-method signature="InvalidLogin()[pri:0, instance:com.webappsecurity.zero.testscripts.VerifyInvalidLoginTest@4738a206]" started-at="2022-10-09T22:24:00 PDT" name="InvalidLogin" finished-at="2022-10-09T22:24:01 PDT" duration-ms="1015" status="PASS">
          <reporter-output>
          </reporter-output>
        </test-method> <!-- InvalidLogin -->
        <test-method is-config="true" signature="closeapplication()[pri:0, instance:com.webappsecurity.zero.testscripts.VerifyInvalidLoginTest@4738a206]" started-at="2022-10-09T22:24:01 PDT" name="closeapplication" finished-at="2022-10-09T22:24:01 PDT" duration-ms="109" status="PASS">
          <reporter-output>
          </reporter-output>
        </test-method> <!-- closeapplication -->
      </class> <!-- com.webappsecurity.zero.testscripts.VerifyInvalidLoginTest -->
    </test> <!-- Test -->
  </suite> <!-- Suite -->
</testng-results>
