# JRE version: OpenJDK Runtime Environment Temurin-17.0.1+12 (17.0.1+12) (build 17.0.1+12)
# Java VM: OpenJDK 64-Bit Server VM Temurin-17.0.1+12 (17.0.1+12, mixed mode, tiered, compressed oops, compressed class ptrs, g1 gc, windows-amd64)
GC Precious Log:
 CPUs: 4 total, 4 available
 Memory: 12152M
 Large Page Support: Disabled
 NUMA Support: Disabled
 Compressed Oops: Enabled (Zero based)
 Heap Region Size: 2M
 Heap Min Capacity: 8M
 Heap Initial Capacity: 190M
 Heap Max Capacity: 3040M
 Pre-touch: Disabled
 Parallel Workers: 4
 Concurrent Workers: 1
 Concurrent Refinement Workers: 4
 Periodic GC: Disabled
Heap:
 garbage-first heap   total 92160K, used 50901K [0x0000000742000000, 0x0000000800000000)
  region size 2048K, 2 young (4096K), 1 survivors (2048K)
 Metaspace       used 32778K, committed 33024K, reserved 1081344K
  class space    used 3760K, committed 3904K, reserved 1048576K
GC Heap History (18 events):
Event: 0.629 GC heap before
{Heap before GC invocations=0 (full 0):
 garbage-first heap   total 194560K, used 10240K [0x0000000742000000, 0x0000000800000000)
  region size 2048K, 6 young (12288K), 0 survivors (0K)
 Metaspace       used 7305K, committed 7424K, reserved 1056768K
  class space    used 628K, committed 704K, reserved 1048576K
}
Event: 0.634 GC heap after
{Heap after GC invocations=1 (full 0):
 garbage-first heap   total 194560K, used 4260K [0x0000000742000000, 0x0000000800000000)
  region size 2048K, 1 young (2048K), 1 survivors (2048K)
 Metaspace       used 7305K, committed 7424K, reserved 1056768K
  class space    used 628K, committed 704K, reserved 1048576K
}
Event: 1.323 GC heap before
{Heap before GC invocations=1 (full 0):
 garbage-first heap   total 194560K, used 12452K [0x0000000742000000, 0x0000000800000000)
  region size 2048K, 5 young (10240K), 1 survivors (2048K)
 Metaspace       used 12967K, committed 13120K, reserved 1064960K
  class space    used 1250K, committed 1344K, reserved 1048576K
}
Event: 1.327 GC heap after
{Heap after GC invocations=2 (full 0):
 garbage-first heap   total 194560K, used 5639K [0x0000000742000000, 0x0000000800000000)
  region size 2048K, 1 young (2048K), 1 survivors (2048K)
 Metaspace       used 12967K, committed 13120K, reserved 1064960K
  class space    used 1250K, committed 1344K, reserved 1048576K
}
Event: 2.429 GC heap before
{Heap before GC invocations=2 (full 0):
 garbage-first heap   total 194560K, used 30215K [0x0000000742000000, 0x0000000800000000)
  region size 2048K, 13 young (26624K), 1 survivors (2048K)
 Metaspace       used 19588K, committed 19776K, reserved 1073152K
  class space    used 2000K, committed 2048K, reserved 1048576K
}
Event: 2.439 GC heap after
{Heap after GC invocations=3 (full 0):
 garbage-first heap   total 194560K, used 9694K [0x0000000742000000, 0x0000000800000000)
  region size 2048K, 2 young (4096K), 2 survivors (4096K)
 Metaspace       used 19588K, committed 19776K, reserved 1073152K
  class space    used 2000K, committed 2048K, reserved 1048576K
}
Event: 2.745 GC heap before
{Heap before GC invocations=3 (full 0):
 garbage-first heap   total 194560K, used 15838K [0x0000000742000000, 0x0000000800000000)
  region size 2048K, 6 young (12288K), 2 survivors (4096K)
 Metaspace       used 21375K, committed 21504K, reserved 1073152K
  class space    used 2239K, committed 2304K, reserved 1048576K
}
Event: 2.752 GC heap after
{Heap after GC invocations=4 (full 0):
 garbage-first heap   total 194560K, used 10303K [0x0000000742000000, 0x0000000800000000)
  region size 2048K, 3 young (6144K), 3 survivors (6144K)
 Metaspace       used 21375K, committed 21504K, reserved 1073152K
  class space    used 2239K, committed 2304K, reserved 1048576K
}
Event: 4.291 GC heap before
{Heap before GC invocations=5 (full 0):
 garbage-first heap   total 49152K, used 32831K [0x0000000742000000, 0x0000000800000000)
  region size 2048K, 14 young (28672K), 3 survivors (6144K)
 Metaspace       used 28509K, committed 28672K, reserved 1081344K
  class space    used 3193K, committed 3264K, reserved 1048576K
}
Event: 4.302 GC heap after
{Heap after GC invocations=6 (full 0):
 garbage-first heap   total 49152K, used 11875K [0x0000000742000000, 0x0000000800000000)
  region size 2048K, 2 young (4096K), 2 survivors (4096K)
 Metaspace       used 28509K, committed 28672K, reserved 1081344K
  class space    used 3193K, committed 3264K, reserved 1048576K
}
Event: 4.615 GC heap before
{Heap before GC invocations=6 (full 0):
 garbage-first heap   total 49152K, used 18019K [0x0000000742000000, 0x0000000800000000)
  region size 2048K, 6 young (12288K), 2 survivors (4096K)
 Metaspace       used 30183K, committed 30464K, reserved 1081344K
  class space    used 3428K, committed 3584K, reserved 1048576K
}
Event: 4.619 GC heap after
{Heap after GC invocations=7 (full 0):
 garbage-first heap   total 49152K, used 12166K [0x0000000742000000, 0x0000000800000000)
  region size 2048K, 2 young (4096K), 2 survivors (4096K)
 Metaspace       used 30183K, committed 30464K, reserved 1081344K
  class space    used 3428K, committed 3584K, reserved 1048576K
}
Event: 9.381 GC heap before
{Heap before GC invocations=7 (full 0):
 garbage-first heap   total 49152K, used 38790K [0x0000000742000000, 0x0000000800000000)
  region size 2048K, 7 young (14336K), 2 survivors (4096K)
 Metaspace       used 32518K, committed 32768K, reserved 1081344K
  class space    used 3725K, committed 3840K, reserved 1048576K
}
Event: 9.387 GC heap after
{Heap after GC invocations=8 (full 0):
 garbage-first heap   total 49152K, used 31601K [0x0000000742000000, 0x0000000800000000)
  region size 2048K, 2 young (4096K), 2 survivors (4096K)
 Metaspace       used 32518K, committed 32768K, reserved 1081344K
  class space    used 3725K, committed 3840K, reserved 1048576K
}
Event: 10.169 GC heap before
{Heap before GC invocations=8 (full 0):
 garbage-first heap   total 49152K, used 31601K [0x0000000742000000, 0x0000000800000000)
  region size 2048K, 3 young (6144K), 2 survivors (4096K)
 Metaspace       used 32550K, committed 32768K, reserved 1081344K
  class space    used 3725K, committed 3840K, reserved 1048576K
}
Event: 10.182 GC heap after
{Heap after GC invocations=9 (full 0):
 garbage-first heap   total 49152K, used 31963K [0x0000000742000000, 0x0000000800000000)
  region size 2048K, 1 young (2048K), 1 survivors (2048K)
 Metaspace       used 32550K, committed 32768K, reserved 1081344K
  class space    used 3725K, committed 3840K, reserved 1048576K
}
Event: 12.429 GC heap before
{Heap before GC invocations=10 (full 0):
 garbage-first heap   total 92160K, used 52443K [0x0000000742000000, 0x0000000800000000)
  region size 2048K, 2 young (4096K), 1 survivors (2048K)
 Metaspace       used 32599K, committed 32832K, reserved 1081344K
  class space    used 3736K, committed 3840K, reserved 1048576K
}
Event: 12.432 GC heap after
{Heap after GC invocations=11 (full 0):
 garbage-first heap   total 92160K, used 50901K [0x0000000742000000, 0x0000000800000000)
  region size 2048K, 1 young (2048K), 1 survivors (2048K)
 Metaspace       used 32599K, committed 32832K, reserved 1081344K
  class space    used 3736K, committed 3840K, reserved 1048576K
}

