<?xml version="1.0" encoding="UTF-8"?>
<!-- Generated by org.testng.reporters.JUnitXMLReporter -->
<testsuite ignored="0" hostname="kirupaas-MacBook-Air.local" failures="0" tests="3" name="Test" time="22.761" errors="0" timestamp="2022-10-09T22:24:09 PDT">
  <testcase classname="com.webappsecurity.zero.testscripts.VerifyValidLoginTest" name="verifyValidLogin" time="3.196"/>
  <testcase classname="com.webappsecurity.zero.testscripts.VerifyInvalidLoginTest" name="InvalidLogin" time="1.015"/>
  <testcase classname="com.webappsecurity.zero.testscripts.VerifyFundTransferTest" name="doFundTransfer" time="4.541"/>
</testsuite> <!-- Test -->
