<?xml version="1.0" encoding="UTF-8"?>
<!-- Generated by org.testng.reporters.JUnitXMLReporter -->
<testsuite ignored="1" hostname="DESKTOP-MP5P5GA" failures="0" tests="1" name="Default test" time="11.45" errors="0" timestamp="2022-07-02T19:08:49 GMT-07:00">
  <testcase classname="Class_pack.Scroll_fn" name="scrollHorizontally" time="11.395"/>
  <testcase classname="Class_pack.Scroll_fn" name="scrollVertically" time="0.0">
    <ignored/>
  </testcase> <!-- scrollVertically -->
</testsuite> <!-- Default test -->
