<?xml version="1.0" encoding="UTF-8"?>
<testng-results ignored="0" total="1" passed="1" failed="0" skipped="0">
  <reporter-output>
  </reporter-output>
  <suite started-at="2023-02-21T19:29:08 EST" name="Suite" finished-at="2023-02-21T19:29:20 EST" duration-ms="12004">
    <groups>
    </groups>
    <test started-at="2023-02-21T19:29:08 EST" name="Test" finished-at="2023-02-21T19:29:20 EST" duration-ms="12004">
      <class name="com.inetbanking.testCases.Tc_loginTest_001">
        <test-method is-config="true" signature="setup(java.lang.String)[pri:0, instance:com.inetbanking.testCases.Tc_loginTest_001@69e153c5]" started-at="2023-02-21T19:29:08 EST" name="setup" finished-at="2023-02-21T19:29:19 EST" duration-ms="11017" status="PASS">
          <params>
            <param index="0">
              <value>
                <![CDATA[chrome]]>
              </value>
            </param>
          </params>
          <reporter-output>
          </reporter-output>
        </test-method> <!-- setup -->
        <test-method signature="loginTest()[pri:0, instance:com.inetbanking.testCases.Tc_loginTest_001@69e153c5]" started-at="2023-02-21T19:29:19 EST" name="loginTest" finished-at="2023-02-21T19:29:20 EST" duration-ms="856" status="PASS">
          <reporter-output>
          </reporter-output>
        </test-method> <!-- loginTest -->
        <test-method is-config="true" signature="teardown()[pri:0, instance:com.inetbanking.testCases.Tc_loginTest_001@69e153c5]" started-at="2023-02-21T19:29:20 EST" name="teardown" finished-at="2023-02-21T19:29:20 EST" duration-ms="0" status="PASS">
          <reporter-output>
          </reporter-output>
        </test-method> <!-- teardown -->
      </class> <!-- com.inetbanking.testCases.Tc_loginTest_001 -->
    </test> <!-- Test -->
  </suite> <!-- Suite -->
</testng-results>
