<?xml version="1.0" encoding="UTF-8"?>
<testng-results ignored="1" total="2" passed="1" failed="0" skipped="0">
  <reporter-output>
  </reporter-output>
  <suite started-at="2022-07-02T19:08:37 GMT-07:00" name="Default suite" finished-at="2022-07-02T19:08:48 GMT-07:00" duration-ms="11450">
    <groups>
    </groups>
    <test started-at="2022-07-02T19:08:37 GMT-07:00" name="Default test" finished-at="2022-07-02T19:08:48 GMT-07:00" duration-ms="11450">
      <class name="Class_pack.Scroll_fn">
        <test-method signature="scrollHorizontally()[pri:0, instance:Class_pack.Scroll_fn@f0da945]" started-at="2022-07-02T19:08:37 GMT-07:00" name="scrollHorizontally" finished-at="2022-07-02T19:08:48 GMT-07:00" duration-ms="11395" status="PASS">
          <reporter-output>
          </reporter-output>
        </test-method> <!-- scrollHorizontally -->
      </class> <!-- Class_pack.Scroll_fn -->
    </test> <!-- Default test -->
  </suite> <!-- Default suite -->
</testng-results>
